# JRE version: OpenJDK Runtime Environment (8.0_242-b01) (build 1.8.0_242-release-1644-b01)
# Java VM: OpenJDK 64-Bit Server VM (25.242-b01 mixed mode windows-amd64 compressed oops)
Heap:
 PSYoungGen      total 260096K, used 109740K [0x00000000d5580000, 0x00000000ea200000, 0x0000000100000000)
  eden space 235520K, 36% used [0x00000000d5580000,0x00000000da8abe98,0x00000000e3b80000)
  from space 24576K, 99% used [0x00000000e8a00000,0x00000000ea1ff550,0x00000000ea200000)
  to   space 22016K, 0% used [0x00000000e3b80000,0x00000000e3b80000,0x00000000e5100000)
 ParOldGen       total 109056K, used 41097K [0x0000000080000000, 0x0000000086a80000, 0x00000000d5580000)
  object space 109056K, 37% used [0x0000000080000000,0x00000000828224f0,0x0000000086a80000)
 Metaspace       used 69043K, capacity 72316K, committed 72624K, reserved 1112064K
  class space    used 9383K, capacity 10078K, committed 10160K, reserved 1048576K
GC Heap History (10 events):
Event: 10.679 GC heap before
{Heap before GC invocations=13 (full 2):
 PSYoungGen      total 187392K, used 187391K [0x00000000d5580000, 0x00000000e2300000, 0x0000000100000000)
  eden space 174080K, 100% used [0x00000000d5580000,0x00000000dff80000,0x00000000dff80000)
  from space 13312K, 99% used [0x00000000e1600000,0x00000000e22fff90,0x00000000e2300000)
  to   space 15360K, 0% used [0x00000000e0500000,0x00000000e0500000,0x00000000e1400000)
 ParOldGen       total 70144K, used 19729K [0x0000000080000000, 0x0000000084480000, 0x00000000d5580000)
  object space 70144K, 28% used [0x0000000080000000,0x0000000081344518,0x0000000084480000)
 Metaspace       used 55257K, capacity 57380K, committed 57520K, reserved 1099776K
  class space    used 7566K, capacity 8059K, committed 8112K, reserved 1048576K
Event: 10.705 GC heap after
Heap after GC invocations=13 (full 2):
 PSYoungGen      total 195072K, used 15345K [0x00000000d5580000, 0x00000000e6680000, 0x0000000100000000)
  eden space 179712K, 0% used [0x00000000d5580000,0x00000000d5580000,0x00000000e0500000)
  from space 15360K, 99% used [0x00000000e0500000,0x00000000e13fc450,0x00000000e1400000)
  to   space 22016K, 0% used [0x00000000e5100000,0x00000000e5100000,0x00000000e6680000)
 ParOldGen       total 70144K, used 31405K [0x0000000080000000, 0x0000000084480000, 0x00000000d5580000)
  object space 70144K, 44% used [0x0000000080000000,0x0000000081eab630,0x0000000084480000)
 Metaspace       used 55257K, capacity 57380K, committed 57520K, reserved 1099776K
  class space    used 7566K, capacity 8059K, committed 8112K, reserved 1048576K
}
Event: 10.968 GC heap before
{Heap before GC invocations=14 (full 2):
 PSYoungGen      total 195072K, used 36973K [0x00000000d5580000, 0x00000000e6680000, 0x0000000100000000)
  eden space 179712K, 12% used [0x00000000d5580000,0x00000000d6a9efe0,0x00000000e0500000)
  from space 15360K, 99% used [0x00000000e0500000,0x00000000e13fc450,0x00000000e1400000)
  to   space 22016K, 0% used [0x00000000e5100000,0x00000000e5100000,0x00000000e6680000)
 ParOldGen       total 70144K, used 31405K [0x0000000080000000, 0x0000000084480000, 0x00000000d5580000)
  object space 70144K, 44% used [0x0000000080000000,0x0000000081eab630,0x0000000084480000)
 Metaspace       used 57048K, capacity 59136K, committed 59160K, reserved 1099776K
  class space    used 7864K, capacity 8357K, committed 8368K, reserved 1048576K
Event: 10.983 GC heap after
Heap after GC invocations=14 (full 2):
 PSYoungGen      total 257536K, used 2368K [0x00000000d5580000, 0x00000000e7200000, 0x0000000100000000)
  eden space 235520K, 0% used [0x00000000d5580000,0x00000000d5580000,0x00000000e3b80000)
  from space 22016K, 10% used [0x00000000e5100000,0x00000000e53502b0,0x00000000e6680000)
  to   space 22016K, 0% used [0x00000000e3b80000,0x00000000e3b80000,0x00000000e5100000)
 ParOldGen       total 70144K, used 42787K [0x0000000080000000, 0x0000000084480000, 0x00000000d5580000)
  object space 70144K, 60% used [0x0000000080000000,0x00000000829c8cc0,0x0000000084480000)
 Metaspace       used 57048K, capacity 59136K, committed 59160K, reserved 1099776K
  class space    used 7864K, capacity 8357K, committed 8368K, reserved 1048576K
}
Event: 10.983 GC heap before
{Heap before GC invocations=15 (full 3):
 PSYoungGen      total 257536K, used 2368K [0x00000000d5580000, 0x00000000e7200000, 0x0000000100000000)
  eden space 235520K, 0% used [0x00000000d5580000,0x00000000d5580000,0x00000000e3b80000)
  from space 22016K, 10% used [0x00000000e5100000,0x00000000e53502b0,0x00000000e6680000)
  to   space 22016K, 0% used [0x00000000e3b80000,0x00000000e3b80000,0x00000000e5100000)
 ParOldGen       total 70144K, used 42787K [0x0000000080000000, 0x0000000084480000, 0x00000000d5580000)
  object space 70144K, 60% used [0x0000000080000000,0x00000000829c8cc0,0x0000000084480000)
 Metaspace       used 57048K, capacity 59136K, committed 59160K, reserved 1099776K
  class space    used 7864K, capacity 8357K, committed 8368K, reserved 1048576K
Event: 11.455 GC heap after
Heap after GC invocations=15 (full 3):
 PSYoungGen      total 257536K, used 0K [0x00000000d5580000, 0x00000000e7200000, 0x0000000100000000)
  eden space 235520K, 0% used [0x00000000d5580000,0x00000000d5580000,0x00000000e3b80000)
  from space 22016K, 0% used [0x00000000e5100000,0x00000000e5100000,0x00000000e6680000)
  to   space 22016K, 0% used [0x00000000e3b80000,0x00000000e3b80000,0x00000000e5100000)
 ParOldGen       total 109056K, used 33850K [0x0000000080000000, 0x0000000086a80000, 0x00000000d5580000)
  object space 109056K, 31% used [0x0000000080000000,0x000000008210ea58,0x0000000086a80000)
 Metaspace       used 57025K, capacity 59058K, committed 59160K, reserved 1099776K
  class space    used 7857K, capacity 8344K, committed 8368K, reserved 1048576K
}
Event: 16.261 GC heap before
{Heap before GC invocations=16 (full 3):
 PSYoungGen      total 257536K, used 235520K [0x00000000d5580000, 0x00000000e7200000, 0x0000000100000000)
  eden space 235520K, 100% used [0x00000000d5580000,0x00000000e3b80000,0x00000000e3b80000)
  from space 22016K, 0% used [0x00000000e5100000,0x00000000e5100000,0x00000000e6680000)
  to   space 22016K, 0% used [0x00000000e3b80000,0x00000000e3b80000,0x00000000e5100000)
 ParOldGen       total 109056K, used 33850K [0x0000000080000000, 0x0000000086a80000, 0x00000000d5580000)
  object space 109056K, 31% used [0x0000000080000000,0x000000008210ea58,0x0000000086a80000)
 Metaspace       used 62674K, capacity 65710K, committed 65968K, reserved 1105920K
  class space    used 8638K, capacity 9301K, committed 9392K, reserved 1048576K
Event: 16.318 GC heap after
Heap after GC invocations=16 (full 3):
 PSYoungGen      total 257536K, used 19339K [0x00000000d5580000, 0x00000000ea200000, 0x0000000100000000)
  eden space 235520K, 0% used [0x00000000d5580000,0x00000000d5580000,0x00000000e3b80000)
  from space 22016K, 87% used [0x00000000e3b80000,0x00000000e4e62ec0,0x00000000e5100000)
  to   space 24576K, 0% used [0x00000000e8a00000,0x00000000e8a00000,0x00000000ea200000)
 ParOldGen       total 109056K, used 33858K [0x0000000080000000, 0x0000000086a80000, 0x00000000d5580000)
  object space 109056K, 31% used [0x0000000080000000,0x0000000082110a58,0x0000000086a80000)
 Metaspace       used 62674K, capacity 65710K, committed 65968K, reserved 1105920K
  class space    used 8638K, capacity 9301K, committed 9392K, reserved 1048576K
}
Event: 22.512 GC heap before
{Heap before GC invocations=17 (full 3):
 PSYoungGen      total 257536K, used 254859K [0x00000000d5580000, 0x00000000ea200000, 0x0000000100000000)
  eden space 235520K, 100% used [0x00000000d5580000,0x00000000e3b80000,0x00000000e3b80000)
  from space 22016K, 87% used [0x00000000e3b80000,0x00000000e4e62ec0,0x00000000e5100000)
  to   space 24576K, 0% used [0x00000000e8a00000,0x00000000e8a00000,0x00000000ea200000)
 ParOldGen       total 109056K, used 33858K [0x0000000080000000, 0x0000000086a80000, 0x00000000d5580000)
  object space 109056K, 31% used [0x0000000080000000,0x0000000082110a58,0x0000000086a80000)
 Metaspace       used 69038K, capacity 72316K, committed 72624K, reserved 1112064K
  class space    used 9382K, capacity 10078K, committed 10160K, reserved 1048576K
Event: 22.704 GC heap after
Heap after GC invocations=17 (full 3):
 PSYoungGen      total 260096K, used 24573K [0x00000000d5580000, 0x00000000ea200000, 0x0000000100000000)
  eden space 235520K, 0% used [0x00000000d5580000,0x00000000d5580000,0x00000000e3b80000)
  from space 24576K, 99% used [0x00000000e8a00000,0x00000000ea1ff550,0x00000000ea200000)
  to   space 22016K, 0% used [0x00000000e3b80000,0x00000000e3b80000,0x00000000e5100000)
 ParOldGen       total 109056K, used 41097K [0x0000000080000000, 0x0000000086a80000, 0x00000000d5580000)
  object space 109056K, 37% used [0x0000000080000000,0x00000000828224f0,0x0000000086a80000)
 Metaspace       used 69038K, capacity 72316K, committed 72624K, reserved 1112064K
  class space    used 9382K, capacity 10078K, committed 10160K, reserved 1048576K
}

