# JRE version: OpenJDK Runtime Environment (8.0_242-b01) (build 1.8.0_242-release-1644-b01)
# Java VM: OpenJDK 64-Bit Server VM (25.242-b01 mixed mode windows-amd64 compressed oops)
Heap:
 PSYoungGen      total 183808K, used 124937K [0x00000000d5580000, 0x00000000e1d00000, 0x0000000100000000)
  eden space 170496K, 65% used [0x00000000d5580000,0x00000000dc2864b8,0x00000000dfc00000)
  from space 13312K, 99% used [0x00000000e1000000,0x00000000e1cfc0d0,0x00000000e1d00000)
  to   space 15360K, 0% used [0x00000000dff00000,0x00000000dff00000,0x00000000e0e00000)
 ParOldGen       total 73216K, used 19716K [0x0000000080000000, 0x0000000084780000, 0x00000000d5580000)
  object space 73216K, 26% used [0x0000000080000000,0x00000000813412e0,0x0000000084780000)
 Metaspace       used 52672K, capacity 54550K, committed 54832K, reserved 1095680K
  class space    used 7170K, capacity 7614K, committed 7728K, reserved 1048576K
GC Heap History (10 events):
Event: 3.155 GC heap before
{Heap before GC invocations=8 (full 1):
 PSYoungGen      total 75776K, used 3968K [0x00000000d5580000, 0x00000000de980000, 0x0000000100000000)
  eden space 64512K, 0% used [0x00000000d5580000,0x00000000d5580000,0x00000000d9480000)
  from space 11264K, 35% used [0x00000000d9480000,0x00000000d9860030,0x00000000d9f80000)
  to   space 11264K, 0% used [0x00000000dde80000,0x00000000dde80000,0x00000000de980000)
 ParOldGen       total 86016K, used 9344K [0x0000000080000000, 0x0000000085400000, 0x00000000d5580000)
  object space 86016K, 10% used [0x0000000080000000,0x0000000080920350,0x0000000085400000)
 Metaspace       used 20605K, capacity 21224K, committed 21296K, reserved 1067008K
  class space    used 2889K, capacity 3084K, committed 3120K, reserved 1048576K
Event: 3.190 GC heap after
Heap after GC invocations=8 (full 1):
 PSYoungGen      total 75776K, used 0K [0x00000000d5580000, 0x00000000de980000, 0x0000000100000000)
  eden space 64512K, 0% used [0x00000000d5580000,0x00000000d5580000,0x00000000d9480000)
  from space 11264K, 0% used [0x00000000d9480000,0x00000000d9480000,0x00000000d9f80000)
  to   space 11264K, 0% used [0x00000000dde80000,0x00000000dde80000,0x00000000de980000)
 ParOldGen       total 48640K, used 6891K [0x0000000080000000, 0x0000000082f80000, 0x00000000d5580000)
  object space 48640K, 14% used [0x0000000080000000,0x00000000806bae88,0x0000000082f80000)
 Metaspace       used 20605K, capacity 21224K, committed 21296K, reserved 1067008K
  class space    used 2889K, capacity 3084K, committed 3120K, reserved 1048576K
}
Event: 3.932 GC heap before
{Heap before GC invocations=9 (full 1):
 PSYoungGen      total 75776K, used 64512K [0x00000000d5580000, 0x00000000de980000, 0x0000000100000000)
  eden space 64512K, 100% used [0x00000000d5580000,0x00000000d9480000,0x00000000d9480000)
  from space 11264K, 0% used [0x00000000d9480000,0x00000000d9480000,0x00000000d9f80000)
  to   space 11264K, 0% used [0x00000000dde80000,0x00000000dde80000,0x00000000de980000)
 ParOldGen       total 48640K, used 6891K [0x0000000080000000, 0x0000000082f80000, 0x00000000d5580000)
  object space 48640K, 14% used [0x0000000080000000,0x00000000806bae88,0x0000000082f80000)
 Metaspace       used 28214K, capacity 28912K, committed 29232K, reserved 1075200K
  class space    used 3893K, capacity 4127K, committed 4144K, reserved 1048576K
Event: 3.941 GC heap after
Heap after GC invocations=9 (full 1):
 PSYoungGen      total 128000K, used 8434K [0x00000000d5580000, 0x00000000de700000, 0x0000000100000000)
  eden space 119296K, 0% used [0x00000000d5580000,0x00000000d5580000,0x00000000dca00000)
  from space 8704K, 96% used [0x00000000dde80000,0x00000000de6bcbf0,0x00000000de700000)
  to   space 11776K, 0% used [0x00000000dd000000,0x00000000dd000000,0x00000000ddb80000)
 ParOldGen       total 48640K, used 6899K [0x0000000080000000, 0x0000000082f80000, 0x00000000d5580000)
  object space 48640K, 14% used [0x0000000080000000,0x00000000806bce88,0x0000000082f80000)
 Metaspace       used 28214K, capacity 28912K, committed 29232K, reserved 1075200K
  class space    used 3893K, capacity 4127K, committed 4144K, reserved 1048576K
}
Event: 5.063 GC heap before
{Heap before GC invocations=10 (full 1):
 PSYoungGen      total 128000K, used 120810K [0x00000000d5580000, 0x00000000de700000, 0x0000000100000000)
  eden space 119296K, 94% used [0x00000000d5580000,0x00000000dc33df20,0x00000000dca00000)
  from space 8704K, 96% used [0x00000000dde80000,0x00000000de6bcbf0,0x00000000de700000)
  to   space 11776K, 0% used [0x00000000dd000000,0x00000000dd000000,0x00000000ddb80000)
 ParOldGen       total 48640K, used 6899K [0x0000000080000000, 0x0000000082f80000, 0x00000000d5580000)
  object space 48640K, 14% used [0x0000000080000000,0x00000000806bce88,0x0000000082f80000)
 Metaspace       used 34602K, capacity 35410K, committed 35496K, reserved 1079296K
  class space    used 4746K, capacity 4972K, committed 5040K, reserved 1048576K
Event: 5.076 GC heap after
Heap after GC invocations=10 (full 1):
 PSYoungGen      total 137216K, used 11747K [0x00000000d5580000, 0x00000000e1d00000, 0x0000000100000000)
  eden space 125440K, 0% used [0x00000000d5580000,0x00000000d5580000,0x00000000dd000000)
  from space 11776K, 99% used [0x00000000dd000000,0x00000000ddb78fa8,0x00000000ddb80000)
  to   space 13312K, 0% used [0x00000000e1000000,0x00000000e1000000,0x00000000e1d00000)
 ParOldGen       total 48640K, used 7018K [0x0000000080000000, 0x0000000082f80000, 0x00000000d5580000)
  object space 48640K, 14% used [0x0000000080000000,0x00000000806da980,0x0000000082f80000)
 Metaspace       used 34602K, capacity 35410K, committed 35496K, reserved 1079296K
  class space    used 4746K, capacity 4972K, committed 5040K, reserved 1048576K
}
Event: 5.076 GC heap before
{Heap before GC invocations=11 (full 2):
 PSYoungGen      total 137216K, used 11747K [0x00000000d5580000, 0x00000000e1d00000, 0x0000000100000000)
  eden space 125440K, 0% used [0x00000000d5580000,0x00000000d5580000,0x00000000dd000000)
  from space 11776K, 99% used [0x00000000dd000000,0x00000000ddb78fa8,0x00000000ddb80000)
  to   space 13312K, 0% used [0x00000000e1000000,0x00000000e1000000,0x00000000e1d00000)
 ParOldGen       total 48640K, used 7018K [0x0000000080000000, 0x0000000082f80000, 0x00000000d5580000)
  object space 48640K, 14% used [0x0000000080000000,0x00000000806da980,0x0000000082f80000)
 Metaspace       used 34602K, capacity 35410K, committed 35496K, reserved 1079296K
  class space    used 4746K, capacity 4972K, committed 5040K, reserved 1048576K
Event: 5.154 GC heap after
Heap after GC invocations=11 (full 2):
 PSYoungGen      total 137216K, used 0K [0x00000000d5580000, 0x00000000e1d00000, 0x0000000100000000)
  eden space 125440K, 0% used [0x00000000d5580000,0x00000000d5580000,0x00000000dd000000)
  from space 11776K, 0% used [0x00000000dd000000,0x00000000dd000000,0x00000000ddb80000)
  to   space 13312K, 0% used [0x00000000e1000000,0x00000000e1000000,0x00000000e1d00000)
 ParOldGen       total 73216K, used 18137K [0x0000000080000000, 0x0000000084780000, 0x00000000d5580000)
  object space 73216K, 24% used [0x0000000080000000,0x00000000811b67e8,0x0000000084780000)
 Metaspace       used 34602K, capacity 35410K, committed 35496K, reserved 1079296K
  class space    used 4746K, capacity 4972K, committed 5040K, reserved 1048576K
}
Event: 6.942 GC heap before
{Heap before GC invocations=12 (full 2):
 PSYoungGen      total 137216K, used 125440K [0x00000000d5580000, 0x00000000e1d00000, 0x0000000100000000)
  eden space 125440K, 100% used [0x00000000d5580000,0x00000000dd000000,0x00000000dd000000)
  from space 11776K, 0% used [0x00000000dd000000,0x00000000dd000000,0x00000000ddb80000)
  to   space 13312K, 0% used [0x00000000e1000000,0x00000000e1000000,0x00000000e1d00000)
 ParOldGen       total 73216K, used 18137K [0x0000000080000000, 0x0000000084780000, 0x00000000d5580000)
  object space 73216K, 24% used [0x0000000080000000,0x00000000811b67e8,0x0000000084780000)
 Metaspace       used 44475K, capacity 46042K, committed 46128K, reserved 1089536K
  class space    used 6020K, capacity 6397K, committed 6448K, reserved 1048576K
Event: 6.957 GC heap after
Heap after GC invocations=12 (full 2):
 PSYoungGen      total 183808K, used 13296K [0x00000000d5580000, 0x00000000e1d00000, 0x0000000100000000)
  eden space 170496K, 0% used [0x00000000d5580000,0x00000000d5580000,0x00000000dfc00000)
  from space 13312K, 99% used [0x00000000e1000000,0x00000000e1cfc0d0,0x00000000e1d00000)
  to   space 15360K, 0% used [0x00000000dff00000,0x00000000dff00000,0x00000000e0e00000)
 ParOldGen       total 73216K, used 19716K [0x0000000080000000, 0x0000000084780000, 0x00000000d5580000)
  object space 73216K, 26% used [0x0000000080000000,0x00000000813412e0,0x0000000084780000)
 Metaspace       used 44475K, capacity 46042K, committed 46128K, reserved 1089536K
  class space    used 6020K, capacity 6397K, committed 6448K, reserved 1048576K
}

