# JRE version: OpenJDK Runtime Environment (8.0_242-b01) (build 1.8.0_242-release-1644-b01)
# Java VM: OpenJDK 64-Bit Server VM (25.242-b01 mixed mode windows-amd64 compressed oops)
Heap:
 PSYoungGen      total 194048K, used 22737K [0x00000000d5580000, 0x00000000e6c00000, 0x0000000100000000)
  eden space 178176K, 3% used [0x00000000d5580000,0x00000000d5c36640,0x00000000e0380000)
  from space 15872K, 99% used [0x00000000e0380000,0x00000000e12fe098,0x00000000e1300000)
  to   space 22016K, 0% used [0x00000000e5680000,0x00000000e5680000,0x00000000e6c00000)
 ParOldGen       total 69120K, used 31419K [0x0000000080000000, 0x0000000084380000, 0x00000000d5580000)
  object space 69120K, 45% used [0x0000000080000000,0x0000000081eaefe8,0x0000000084380000)
 Metaspace       used 56115K, capacity 58192K, committed 58416K, reserved 1099776K
  class space    used 7684K, capacity 8219K, committed 8240K, reserved 1048576K
GC Heap History (10 events):
Event: 9.193 GC heap before
{Heap before GC invocations=9 (full 1):
 PSYoungGen      total 75776K, used 64512K [0x00000000d5580000, 0x00000000de880000, 0x0000000100000000)
  eden space 64512K, 100% used [0x00000000d5580000,0x00000000d9480000,0x00000000d9480000)
  from space 11264K, 0% used [0x00000000d9480000,0x00000000d9480000,0x00000000d9f80000)
  to   space 10752K, 0% used [0x00000000dde00000,0x00000000dde00000,0x00000000de880000)
 ParOldGen       total 47616K, used 6918K [0x0000000080000000, 0x0000000082e80000, 0x00000000d5580000)
  object space 47616K, 14% used [0x0000000080000000,0x00000000806c18f8,0x0000000082e80000)
 Metaspace       used 28298K, capacity 28916K, committed 29232K, reserved 1075200K
  class space    used 3903K, capacity 4127K, committed 4144K, reserved 1048576K
Event: 9.208 GC heap after
Heap after GC invocations=9 (full 1):
 PSYoungGen      total 130048K, used 8484K [0x00000000d5580000, 0x00000000de680000, 0x0000000100000000)
  eden space 121344K, 0% used [0x00000000d5580000,0x00000000d5580000,0x00000000dcc00000)
  from space 8704K, 97% used [0x00000000dde00000,0x00000000de649198,0x00000000de680000)
  to   space 11264K, 0% used [0x00000000dd080000,0x00000000dd080000,0x00000000ddb80000)
 ParOldGen       total 47616K, used 6926K [0x0000000080000000, 0x0000000082e80000, 0x00000000d5580000)
  object space 47616K, 14% used [0x0000000080000000,0x00000000806c38f8,0x0000000082e80000)
 Metaspace       used 28298K, capacity 28916K, committed 29232K, reserved 1075200K
  class space    used 3903K, capacity 4127K, committed 4144K, reserved 1048576K
}
Event: 12.184 GC heap before
{Heap before GC invocations=10 (full 1):
 PSYoungGen      total 130048K, used 120702K [0x00000000d5580000, 0x00000000de680000, 0x0000000100000000)
  eden space 121344K, 92% used [0x00000000d5580000,0x00000000dc316908,0x00000000dcc00000)
  from space 8704K, 97% used [0x00000000dde00000,0x00000000de649198,0x00000000de680000)
  to   space 11264K, 0% used [0x00000000dd080000,0x00000000dd080000,0x00000000ddb80000)
 ParOldGen       total 47616K, used 6926K [0x0000000080000000, 0x0000000082e80000, 0x00000000d5580000)
  object space 47616K, 14% used [0x0000000080000000,0x00000000806c38f8,0x0000000082e80000)
 Metaspace       used 34610K, capacity 35442K, committed 35496K, reserved 1079296K
  class space    used 4754K, capacity 5004K, committed 5040K, reserved 1048576K
Event: 12.207 GC heap after
Heap after GC invocations=10 (full 1):
 PSYoungGen      total 137216K, used 11243K [0x00000000d5580000, 0x00000000e2280000, 0x0000000100000000)
  eden space 125952K, 0% used [0x00000000d5580000,0x00000000d5580000,0x00000000dd080000)
  from space 11264K, 99% used [0x00000000dd080000,0x00000000ddb7ad00,0x00000000ddb80000)
  to   space 13312K, 0% used [0x00000000e1580000,0x00000000e1580000,0x00000000e2280000)
 ParOldGen       total 47616K, used 7456K [0x0000000080000000, 0x0000000082e80000, 0x00000000d5580000)
  object space 47616K, 15% used [0x0000000080000000,0x00000000807482e0,0x0000000082e80000)
 Metaspace       used 34610K, capacity 35442K, committed 35496K, reserved 1079296K
  class space    used 4754K, capacity 5004K, committed 5040K, reserved 1048576K
}
Event: 12.207 GC heap before
{Heap before GC invocations=11 (full 2):
 PSYoungGen      total 137216K, used 11243K [0x00000000d5580000, 0x00000000e2280000, 0x0000000100000000)
  eden space 125952K, 0% used [0x00000000d5580000,0x00000000d5580000,0x00000000dd080000)
  from space 11264K, 99% used [0x00000000dd080000,0x00000000ddb7ad00,0x00000000ddb80000)
  to   space 13312K, 0% used [0x00000000e1580000,0x00000000e1580000,0x00000000e2280000)
 ParOldGen       total 47616K, used 7456K [0x0000000080000000, 0x0000000082e80000, 0x00000000d5580000)
  object space 47616K, 15% used [0x0000000080000000,0x00000000807482e0,0x0000000082e80000)
 Metaspace       used 34610K, capacity 35442K, committed 35496K, reserved 1079296K
  class space    used 4754K, capacity 5004K, committed 5040K, reserved 1048576K
Event: 12.342 GC heap after
Heap after GC invocations=11 (full 2):
 PSYoungGen      total 137216K, used 0K [0x00000000d5580000, 0x00000000e2280000, 0x0000000100000000)
  eden space 125952K, 0% used [0x00000000d5580000,0x00000000d5580000,0x00000000dd080000)
  from space 11264K, 0% used [0x00000000dd080000,0x00000000dd080000,0x00000000ddb80000)
  to   space 13312K, 0% used [0x00000000e1580000,0x00000000e1580000,0x00000000e2280000)
 ParOldGen       total 69120K, used 18053K [0x0000000080000000, 0x0000000084380000, 0x00000000d5580000)
  object space 69120K, 26% used [0x0000000080000000,0x00000000811a1688,0x0000000084380000)
 Metaspace       used 34610K, capacity 35442K, committed 35496K, reserved 1079296K
  class space    used 4754K, capacity 5004K, committed 5040K, reserved 1048576K
}
Event: 15.926 GC heap before
{Heap before GC invocations=12 (full 2):
 PSYoungGen      total 137216K, used 125952K [0x00000000d5580000, 0x00000000e2280000, 0x0000000100000000)
  eden space 125952K, 100% used [0x00000000d5580000,0x00000000dd080000,0x00000000dd080000)
  from space 11264K, 0% used [0x00000000dd080000,0x00000000dd080000,0x00000000ddb80000)
  to   space 13312K, 0% used [0x00000000e1580000,0x00000000e1580000,0x00000000e2280000)
 ParOldGen       total 69120K, used 18053K [0x0000000080000000, 0x0000000084380000, 0x00000000d5580000)
  object space 69120K, 26% used [0x0000000080000000,0x00000000811a1688,0x0000000084380000)
 Metaspace       used 44757K, capacity 46254K, committed 46512K, reserved 1089536K
  class space    used 6055K, capacity 6453K, committed 6576K, reserved 1048576K
Event: 15.949 GC heap after
Heap after GC invocations=12 (full 2):
 PSYoungGen      total 189440K, used 13310K [0x00000000d5580000, 0x00000000e2280000, 0x0000000100000000)
  eden space 176128K, 0% used [0x00000000d5580000,0x00000000d5580000,0x00000000e0180000)
  from space 13312K, 99% used [0x00000000e1580000,0x00000000e227f8b8,0x00000000e2280000)
  to   space 15872K, 0% used [0x00000000e0380000,0x00000000e0380000,0x00000000e1300000)
 ParOldGen       total 69120K, used 19941K [0x0000000080000000, 0x0000000084380000, 0x00000000d5580000)
  object space 69120K, 28% used [0x0000000080000000,0x0000000081379630,0x0000000084380000)
 Metaspace       used 44757K, capacity 46254K, committed 46512K, reserved 1089536K
  class space    used 6055K, capacity 6453K, committed 6576K, reserved 1048576K
}
Event: 21.642 GC heap before
{Heap before GC invocations=13 (full 2):
 PSYoungGen      total 189440K, used 189438K [0x00000000d5580000, 0x00000000e2280000, 0x0000000100000000)
  eden space 176128K, 100% used [0x00000000d5580000,0x00000000e0180000,0x00000000e0180000)
  from space 13312K, 99% used [0x00000000e1580000,0x00000000e227f8b8,0x00000000e2280000)
  to   space 15872K, 0% used [0x00000000e0380000,0x00000000e0380000,0x00000000e1300000)
 ParOldGen       total 69120K, used 19941K [0x0000000080000000, 0x0000000084380000, 0x00000000d5580000)
  object space 69120K, 28% used [0x0000000080000000,0x0000000081379630,0x0000000084380000)
 Metaspace       used 55565K, capacity 57680K, committed 57904K, reserved 1099776K
  class space    used 7607K, capacity 8155K, committed 8240K, reserved 1048576K
Event: 21.697 GC heap after
Heap after GC invocations=13 (full 2):
 PSYoungGen      total 194048K, used 15864K [0x00000000d5580000, 0x00000000e6c00000, 0x0000000100000000)
  eden space 178176K, 0% used [0x00000000d5580000,0x00000000d5580000,0x00000000e0380000)
  from space 15872K, 99% used [0x00000000e0380000,0x00000000e12fe098,0x00000000e1300000)
  to   space 22016K, 0% used [0x00000000e5680000,0x00000000e5680000,0x00000000e6c00000)
 ParOldGen       total 69120K, used 31419K [0x0000000080000000, 0x0000000084380000, 0x00000000d5580000)
  object space 69120K, 45% used [0x0000000080000000,0x0000000081eaefe8,0x0000000084380000)
 Metaspace       used 55565K, capacity 57680K, committed 57904K, reserved 1099776K
  class space    used 7607K, capacity 8155K, committed 8240K, reserved 1048576K
}

