# JRE version: OpenJDK Runtime Environment (8.0_242-b01) (build 1.8.0_242-release-1644-b01)
# Java VM: OpenJDK 64-Bit Server VM (25.242-b01 mixed mode windows-amd64 compressed oops)
Heap:
 PSYoungGen      total 551424K, used 285181K [0x00000000d5580000, 0x00000000fca80000, 0x0000000100000000)
  eden space 521728K, 50% used [0x00000000d5580000,0x00000000e566dc48,0x00000000f5300000)
  from space 29696K, 74% used [0x00000000f5300000,0x00000000f6891938,0x00000000f7000000)
  to   space 31232K, 0% used [0x00000000fac00000,0x00000000fac00000,0x00000000fca80000)
 ParOldGen       total 180224K, used 84852K [0x0000000080000000, 0x000000008b000000, 0x00000000d5580000)
  object space 180224K, 47% used [0x0000000080000000,0x00000000852dd3b8,0x000000008b000000)
 Metaspace       used 102482K, capacity 106730K, committed 106880K, reserved 1142784K
  class space    used 12998K, capacity 13946K, committed 13952K, reserved 1048576K
GC Heap History (10 events):
Event: 114.259 GC heap before
{Heap before GC invocations=21 (full 3):
 PSYoungGen      total 422912K, used 410584K [0x00000000d5580000, 0x00000000f4c00000, 0x0000000100000000)
  eden space 400896K, 100% used [0x00000000d5580000,0x00000000edd00000,0x00000000edd00000)
  from space 22016K, 44% used [0x00000000edd00000,0x00000000ee6763b0,0x00000000ef280000)
  to   space 20992K, 0% used [0x00000000f3780000,0x00000000f3780000,0x00000000f4c00000)
 ParOldGen       total 97792K, used 61588K [0x0000000080000000, 0x0000000085f80000, 0x00000000d5580000)
  object space 97792K, 62% used [0x0000000080000000,0x0000000083c25168,0x0000000085f80000)
 Metaspace       used 80871K, capacity 84710K, committed 84992K, reserved 1122304K
  class space    used 10684K, capacity 11469K, committed 11520K, reserved 1048576K
Event: 114.278 GC heap after
Heap after GC invocations=21 (full 3):
 PSYoungGen      total 473088K, used 10292K [0x00000000d5580000, 0x00000000f4200000, 0x0000000100000000)
  eden space 462336K, 0% used [0x00000000d5580000,0x00000000d5580000,0x00000000f1900000)
  from space 10752K, 95% used [0x00000000f3780000,0x00000000f418d020,0x00000000f4200000)
  to   space 19968K, 0% used [0x00000000f1b00000,0x00000000f1b00000,0x00000000f2e80000)
 ParOldGen       total 97792K, used 61596K [0x0000000080000000, 0x0000000085f80000, 0x00000000d5580000)
  object space 97792K, 62% used [0x0000000080000000,0x0000000083c27168,0x0000000085f80000)
 Metaspace       used 80871K, capacity 84710K, committed 84992K, reserved 1122304K
  class space    used 10684K, capacity 11469K, committed 11520K, reserved 1048576K
}
Event: 413.807 GC heap before
{Heap before GC invocations=22 (full 3):
 PSYoungGen      total 473088K, used 472628K [0x00000000d5580000, 0x00000000f4200000, 0x0000000100000000)
  eden space 462336K, 100% used [0x00000000d5580000,0x00000000f1900000,0x00000000f1900000)
  from space 10752K, 95% used [0x00000000f3780000,0x00000000f418d020,0x00000000f4200000)
  to   space 19968K, 0% used [0x00000000f1b00000,0x00000000f1b00000,0x00000000f2e80000)
 ParOldGen       total 97792K, used 61596K [0x0000000080000000, 0x0000000085f80000, 0x00000000d5580000)
  object space 97792K, 62% used [0x0000000080000000,0x0000000083c27168,0x0000000085f80000)
 Metaspace       used 87124K, capacity 91486K, committed 91648K, reserved 1128448K
  class space    used 11301K, capacity 12218K, committed 12288K, reserved 1048576K
Event: 413.870 GC heap after
Heap after GC invocations=22 (full 3):
 PSYoungGen      total 484352K, used 19948K [0x00000000d5580000, 0x00000000f8d80000, 0x0000000100000000)
  eden space 464384K, 0% used [0x00000000d5580000,0x00000000d5580000,0x00000000f1b00000)
  from space 19968K, 99% used [0x00000000f1b00000,0x00000000f2e7b0d0,0x00000000f2e80000)
  to   space 30208K, 0% used [0x00000000f7000000,0x00000000f7000000,0x00000000f8d80000)
 ParOldGen       total 97792K, used 81453K [0x0000000080000000, 0x0000000085f80000, 0x00000000d5580000)
  object space 97792K, 83% used [0x0000000080000000,0x0000000084f8b408,0x0000000085f80000)
 Metaspace       used 87124K, capacity 91486K, committed 91648K, reserved 1128448K
  class space    used 11301K, capacity 12218K, committed 12288K, reserved 1048576K
}
Event: 413.870 GC heap before
{Heap before GC invocations=23 (full 4):
 PSYoungGen      total 484352K, used 19948K [0x00000000d5580000, 0x00000000f8d80000, 0x0000000100000000)
  eden space 464384K, 0% used [0x00000000d5580000,0x00000000d5580000,0x00000000f1b00000)
  from space 19968K, 99% used [0x00000000f1b00000,0x00000000f2e7b0d0,0x00000000f2e80000)
  to   space 30208K, 0% used [0x00000000f7000000,0x00000000f7000000,0x00000000f8d80000)
 ParOldGen       total 97792K, used 81453K [0x0000000080000000, 0x0000000085f80000, 0x00000000d5580000)
  object space 97792K, 83% used [0x0000000080000000,0x0000000084f8b408,0x0000000085f80000)
 Metaspace       used 87124K, capacity 91486K, committed 91648K, reserved 1128448K
  class space    used 11301K, capacity 12218K, committed 12288K, reserved 1048576K
Event: 414.328 GC heap after
Heap after GC invocations=23 (full 4):
 PSYoungGen      total 484352K, used 0K [0x00000000d5580000, 0x00000000f8d80000, 0x0000000100000000)
  eden space 464384K, 0% used [0x00000000d5580000,0x00000000d5580000,0x00000000f1b00000)
  from space 19968K, 0% used [0x00000000f1b00000,0x00000000f1b00000,0x00000000f2e80000)
  to   space 30208K, 0% used [0x00000000f7000000,0x00000000f7000000,0x00000000f8d80000)
 ParOldGen       total 180224K, used 84836K [0x0000000080000000, 0x000000008b000000, 0x00000000d5580000)
  object space 180224K, 47% used [0x0000000080000000,0x00000000852d93b8,0x000000008b000000)
 Metaspace       used 86690K, capacity 90288K, committed 91648K, reserved 1128448K
  class space    used 11161K, capacity 11969K, committed 12288K, reserved 1048576K
}
Event: 426.664 GC heap before
{Heap before GC invocations=24 (full 4):
 PSYoungGen      total 484352K, used 464384K [0x00000000d5580000, 0x00000000f8d80000, 0x0000000100000000)
  eden space 464384K, 100% used [0x00000000d5580000,0x00000000f1b00000,0x00000000f1b00000)
  from space 19968K, 0% used [0x00000000f1b00000,0x00000000f1b00000,0x00000000f2e80000)
  to   space 30208K, 0% used [0x00000000f7000000,0x00000000f7000000,0x00000000f8d80000)
 ParOldGen       total 180224K, used 84836K [0x0000000080000000, 0x000000008b000000, 0x00000000d5580000)
  object space 180224K, 47% used [0x0000000080000000,0x00000000852d93b8,0x000000008b000000)
 Metaspace       used 92957K, capacity 96958K, committed 97664K, reserved 1134592K
  class space    used 11856K, capacity 12768K, committed 12928K, reserved 1048576K
Event: 426.683 GC heap after
Heap after GC invocations=24 (full 4):
 PSYoungGen      total 551936K, used 16262K [0x00000000d5580000, 0x00000000f8f80000, 0x0000000100000000)
  eden space 521728K, 0% used [0x00000000d5580000,0x00000000d5580000,0x00000000f5300000)
  from space 30208K, 53% used [0x00000000f7000000,0x00000000f7fe1b88,0x00000000f8d80000)
  to   space 29696K, 0% used [0x00000000f5300000,0x00000000f5300000,0x00000000f7000000)
 ParOldGen       total 180224K, used 84844K [0x0000000080000000, 0x000000008b000000, 0x00000000d5580000)
  object space 180224K, 47% used [0x0000000080000000,0x00000000852db3b8,0x000000008b000000)
 Metaspace       used 92957K, capacity 96958K, committed 97664K, reserved 1134592K
  class space    used 11856K, capacity 12768K, committed 12928K, reserved 1048576K
}
Event: 443.847 GC heap before
{Heap before GC invocations=25 (full 4):
 PSYoungGen      total 551936K, used 537990K [0x00000000d5580000, 0x00000000f8f80000, 0x0000000100000000)
  eden space 521728K, 100% used [0x00000000d5580000,0x00000000f5300000,0x00000000f5300000)
  from space 30208K, 53% used [0x00000000f7000000,0x00000000f7fe1b88,0x00000000f8d80000)
  to   space 29696K, 0% used [0x00000000f5300000,0x00000000f5300000,0x00000000f7000000)
 ParOldGen       total 180224K, used 84844K [0x0000000080000000, 0x000000008b000000, 0x00000000d5580000)
  object space 180224K, 47% used [0x0000000080000000,0x00000000852db3b8,0x000000008b000000)
 Metaspace       used 96673K, capacity 100796K, committed 101120K, reserved 1136640K
  class space    used 12292K, capacity 13217K, committed 13312K, reserved 1048576K
Event: 443.898 GC heap after
Heap after GC invocations=25 (full 4):
 PSYoungGen      total 551424K, used 22086K [0x00000000d5580000, 0x00000000fca80000, 0x0000000100000000)
  eden space 521728K, 0% used [0x00000000d5580000,0x00000000d5580000,0x00000000f5300000)
  from space 29696K, 74% used [0x00000000f5300000,0x00000000f6891938,0x00000000f7000000)
  to   space 31232K, 0% used [0x00000000fac00000,0x00000000fac00000,0x00000000fca80000)
 ParOldGen       total 180224K, used 84852K [0x0000000080000000, 0x000000008b000000, 0x00000000d5580000)
  object space 180224K, 47% used [0x0000000080000000,0x00000000852dd3b8,0x000000008b000000)
 Metaspace       used 96673K, capacity 100796K, committed 101120K, reserved 1136640K
  class space    used 12292K, capacity 13217K, committed 13312K, reserved 1048576K
}

